<?xml version="1.0" encoding="UTF-8"?>
<!-- Generated by org.testng.reporters.JUnitReportReporter -->
<testsuite hostname="A2ML18523" name="startbootstrap.project.LoginSTartbootStrap" tests="1" failures="0" timestamp="14 Feb 2020 10:02:06 GMT" time="11.478" errors="0">
  <testcase name="fillRegistration" time="11.478" classname="startbootstrap.project.LoginSTartbootStrap"/>
</testsuite> <!-- startbootstrap.project.LoginSTartbootStrap -->
