<?xml version="1.0" encoding="UTF-8"?>
<!-- Generated by org.testng.reporters.JUnitReportReporter -->
<testsuite hostname="A2ML18523" name="startbootstrap.project.RegisterStartbootstrap" tests="2" failures="0" timestamp="14 Feb 2020 11:02:21 GMT" time="19.423" errors="0">
  <testcase name="Registration" time="9.148" classname="startbootstrap.project.RegisterStartbootstrap"/>
  <testcase name="Login" time="10.275" classname="startbootstrap.project.RegisterStartbootstrap"/>
</testsuite> <!-- startbootstrap.project.RegisterStartbootstrap -->
