<?xml version="1.0" encoding="UTF-8"?>
<!-- Generated by org.testng.reporters.JUnitReportReporter -->
<testsuite hostname="A2ML18523" name="startbootstrap.project.AppTest" tests="1" failures="0" timestamp="14 Feb 2020 09:21:22 GMT" time="9.745" errors="0">
  <testcase name="test" time="9.745" classname="startbootstrap.project.AppTest"/>
</testsuite> <!-- startbootstrap.project.AppTest -->
