<?xml version="1.0" encoding="UTF-8"?>
<!-- Generated by org.testng.reporters.JUnitReportReporter -->
<testsuite hostname="A2ML18523" name="startbootstrap.project.LaunchWebsite" tests="1" failures="0" timestamp="14 Feb 2020 10:00:32 GMT" time="8.180" errors="0">
  <testcase name="test" time="8.180" classname="startbootstrap.project.LaunchWebsite"/>
</testsuite> <!-- startbootstrap.project.LaunchWebsite -->
