<?xml version="1.0" encoding="UTF-8"?>
<!-- Generated by org.testng.reporters.JUnitReportReporter -->
<testsuite hostname="A2ML18523" name="startbootstrap.project.RegisterStartbootstrap" tests="1" failures="0" timestamp="14 Feb 2020 10:02:06 GMT" time="9.474" errors="0">
  <testcase name="fillRegistration" time="9.474" classname="startbootstrap.project.RegisterStartbootstrap"/>
</testsuite> <!-- startbootstrap.project.RegisterStartbootstrap -->
